<?xml version="1.0" encoding="UTF-8"?>
<!-- Generated by org.testng.reporters.JUnitXMLReporter -->
<testsuite ignored="0" hostname="ALT-LT-415" failures="0" tests="4" name="Test" time="9.73" errors="0" timestamp="2023-05-09T11:39:53 IST">
  <testcase classname="testcases.Register" name="signUp" time="0.891"/>
  <testcase classname="testcases.Login" name="loginTest" time="0.327"/>
  <testcase classname="testcases.FlightTest" name="bookFlight" time="1.148"/>
  <testcase classname="testcases.GetBookingList" name="getBookingsList" time="1.451"/>
</testsuite> <!-- Test -->
