<?xml version="1.0" encoding="UTF-8"?>
<!-- Generated by org.testng.reporters.JUnitXMLReporter -->
<testsuite ignored="0" hostname="ALT-LT-415" failures="0" tests="4" name="Test" time="8.511" errors="0" timestamp="2023-05-09T11:20:50 IST">
  <testcase classname="testcases.Register" name="signUp" time="0.575"/>
  <testcase classname="testcases.Login" name="loginTest" time="0.351"/>
  <testcase classname="testcases.FlightTest" name="bookFlight" time="0.782"/>
  <testcase classname="testcases.GetBookingList" name="getBookingsList" time="1.242"/>
</testsuite> <!-- Test -->
