<?xml version="1.0" encoding="UTF-8"?>
<testng-results ignored="0" total="4" passed="4" failed="0" skipped="0">
  <reporter-output>
  </reporter-output>
  <suite started-at="2023-05-09T11:39:43 IST" name="Suite" finished-at="2023-05-09T11:39:53 IST" duration-ms="9730">
    <groups>
    </groups>
    <test started-at="2023-05-09T11:39:43 IST" name="Test" finished-at="2023-05-09T11:39:53 IST" duration-ms="9730">
      <class name="testcases.GetBookingList">
        <test-method is-config="true" signature="connectionsetUp()[pri:0, instance:testcases.GetBookingList@18271936]" started-at="2023-05-09T11:39:50 IST" name="connectionsetUp" finished-at="2023-05-09T11:39:50 IST" duration-ms="4" status="PASS">
          <reporter-output>
          </reporter-output>
        </test-method> <!-- connectionsetUp -->
        <test-method is-config="true" signature="LsetUp()[pri:0, instance:testcases.GetBookingList@18271936]" started-at="2023-05-09T11:39:50 IST" name="LsetUp" finished-at="2023-05-09T11:39:51 IST" duration-ms="1075" status="PASS">
          <reporter-output>
          </reporter-output>
        </test-method> <!-- LsetUp -->
        <test-method signature="getBookingsList()[pri:0, instance:testcases.GetBookingList@18271936]" started-at="2023-05-09T11:39:51 IST" name="getBookingsList" finished-at="2023-05-09T11:39:53 IST" duration-ms="1451" status="PASS">
          <reporter-output>
          </reporter-output>
        </test-method> <!-- getBookingsList -->
        <test-method is-config="true" signature="cleanUpActivities()[pri:0, instance:testcases.GetBookingList@18271936]" started-at="2023-05-09T11:39:53 IST" name="cleanUpActivities" finished-at="2023-05-09T11:39:53 IST" duration-ms="183" status="PASS">
          <reporter-output>
          </reporter-output>
        </test-method> <!-- cleanUpActivities -->
        <test-method is-config="true" signature="closeConnection()[pri:0, instance:testcases.GetBookingList@18271936]" started-at="2023-05-09T11:39:53 IST" name="closeConnection" finished-at="2023-05-09T11:39:53 IST" duration-ms="1" status="PASS">
          <reporter-output>
          </reporter-output>
        </test-method> <!-- closeConnection -->
      </class> <!-- testcases.GetBookingList -->
      <class name="testcases.Login">
        <test-method is-config="true" signature="connectionsetUp()[pri:0, instance:testcases.Login@72035809]" started-at="2023-05-09T11:39:46 IST" name="connectionsetUp" finished-at="2023-05-09T11:39:46 IST" duration-ms="3" status="PASS">
          <reporter-output>
          </reporter-output>
        </test-method> <!-- connectionsetUp -->
        <test-method is-config="true" signature="LsetUp()[pri:0, instance:testcases.Login@72035809]" started-at="2023-05-09T11:39:46 IST" name="LsetUp" finished-at="2023-05-09T11:39:47 IST" duration-ms="955" status="PASS">
          <reporter-output>
          </reporter-output>
        </test-method> <!-- LsetUp -->
        <test-method signature="loginTest()[pri:0, instance:testcases.Login@72035809]" started-at="2023-05-09T11:39:47 IST" name="loginTest" finished-at="2023-05-09T11:39:48 IST" duration-ms="327" status="PASS">
          <reporter-output>
          </reporter-output>
        </test-method> <!-- loginTest -->
        <test-method is-config="true" signature="cleanUpActivities()[pri:0, instance:testcases.Login@72035809]" started-at="2023-05-09T11:39:48 IST" name="cleanUpActivities" finished-at="2023-05-09T11:39:48 IST" duration-ms="186" status="PASS">
          <reporter-output>
          </reporter-output>
        </test-method> <!-- cleanUpActivities -->
        <test-method is-config="true" signature="closeConnection()[pri:0, instance:testcases.Login@72035809]" started-at="2023-05-09T11:39:48 IST" name="closeConnection" finished-at="2023-05-09T11:39:48 IST" duration-ms="3" status="PASS">
          <reporter-output>
          </reporter-output>
        </test-method> <!-- closeConnection -->
      </class> <!-- testcases.Login -->
      <class name="testcases.Register">
        <test-method is-config="true" signature="connectionsetUp()[pri:0, instance:testcases.Register@5afa3c9]" started-at="2023-05-09T11:39:43 IST" name="connectionsetUp" finished-at="2023-05-09T11:39:44 IST" duration-ms="169" status="PASS">
          <reporter-output>
          </reporter-output>
        </test-method> <!-- connectionsetUp -->
        <test-method is-config="true" signature="LsetUp()[pri:0, instance:testcases.Register@5afa3c9]" started-at="2023-05-09T11:39:44 IST" name="LsetUp" finished-at="2023-05-09T11:39:45 IST" duration-ms="1884" status="PASS">
          <reporter-output>
          </reporter-output>
        </test-method> <!-- LsetUp -->
        <test-method signature="signUp()[pri:0, instance:testcases.Register@5afa3c9]" started-at="2023-05-09T11:39:45 IST" name="signUp" finished-at="2023-05-09T11:39:46 IST" duration-ms="891" status="PASS">
          <reporter-output>
          </reporter-output>
        </test-method> <!-- signUp -->
        <test-method is-config="true" signature="cleanUpActivities()[pri:0, instance:testcases.Register@5afa3c9]" started-at="2023-05-09T11:39:46 IST" name="cleanUpActivities" finished-at="2023-05-09T11:39:46 IST" duration-ms="131" status="PASS">
          <reporter-output>
          </reporter-output>
        </test-method> <!-- cleanUpActivities -->
        <test-method is-config="true" signature="closeConnection()[pri:0, instance:testcases.Register@5afa3c9]" started-at="2023-05-09T11:39:46 IST" name="closeConnection" finished-at="2023-05-09T11:39:46 IST" duration-ms="4" status="PASS">
          <reporter-output>
          </reporter-output>
        </test-method> <!-- closeConnection -->
      </class> <!-- testcases.Register -->
      <class name="testcases.FlightTest">
        <test-method is-config="true" signature="connectionsetUp()[pri:0, instance:testcases.FlightTest@909217e]" started-at="2023-05-09T11:39:48 IST" name="connectionsetUp" finished-at="2023-05-09T11:39:48 IST" duration-ms="5" status="PASS">
          <reporter-output>
          </reporter-output>
        </test-method> <!-- connectionsetUp -->
        <test-method is-config="true" signature="LsetUp()[pri:0, instance:testcases.FlightTest@909217e]" started-at="2023-05-09T11:39:48 IST" name="LsetUp" finished-at="2023-05-09T11:39:49 IST" duration-ms="1002" status="PASS">
          <reporter-output>
          </reporter-output>
        </test-method> <!-- LsetUp -->
        <test-method signature="bookFlight()[pri:0, instance:testcases.FlightTest@909217e]" started-at="2023-05-09T11:39:49 IST" name="bookFlight" finished-at="2023-05-09T11:39:50 IST" duration-ms="1148" status="PASS">
          <reporter-output>
          </reporter-output>
        </test-method> <!-- bookFlight -->
        <test-method is-config="true" signature="cleanUpActivities()[pri:0, instance:testcases.FlightTest@909217e]" started-at="2023-05-09T11:39:50 IST" name="cleanUpActivities" finished-at="2023-05-09T11:39:50 IST" duration-ms="261" status="PASS">
          <reporter-output>
          </reporter-output>
        </test-method> <!-- cleanUpActivities -->
        <test-method is-config="true" signature="closeConnection()[pri:0, instance:testcases.FlightTest@909217e]" started-at="2023-05-09T11:39:50 IST" name="closeConnection" finished-at="2023-05-09T11:39:50 IST" duration-ms="1" status="PASS">
          <reporter-output>
          </reporter-output>
        </test-method> <!-- closeConnection -->
      </class> <!-- testcases.FlightTest -->
    </test> <!-- Test -->
  </suite> <!-- Suite -->
</testng-results>
