<?xml version="1.0" encoding="UTF-8"?>
<!-- Generated by org.testng.reporters.JUnitReportReporter -->
<testsuite hostname="ALT-LT-415" failures="0" tests="1" name="Runner.TestRunner" time="0.238" errors="1" timestamp="2023-04-27T21:11:28 IST" skipped="0">
  <testcase classname="Runner.TestRunner" name="runScenario" time="0.238">
    <error message="Cannot invoke &quot;pages.HomePage.clickSignUp()&quot; because &quot;stepDefs.RegisterSteps.homePage&quot; is null" type="java.lang.NullPointerException">
      <![CDATA[java.lang.NullPointerException: Cannot invoke "pages.HomePage.clickSignUp()" because "stepDefs.RegisterSteps.homePage" is null
at stepDefs.RegisterSteps.user_click_on_sign_up_button(RegisterSteps.java:25)
at ✽.User click on SignUp button(file:///C:/NehaMittal/SimplilearnPhase4/com.capstone/src/test/resources/features/register.feature:27)
]]>
    </error>
  </testcase> <!-- runScenario -->
  <system-out/>
</testsuite> <!-- Runner.TestRunner -->
